Universala Deklaracio de Homaj Rajtoj

Adoptita kaj proklamita de Rezolucio 217 A (III) de la Ĝenerala Asembleo, 10an de decembro 1948

Antaŭkonsideroj
Pro tio, ke agnosko de la esenca digno kaj de la egalaj kaj nefordoneblaj rajtoj de ĉiuj membroj de la homara familio estas la fundamento de libero, justo kaj paco en la mondo,
Pro tio, ke malagnosko kaj malestimo de la homaj rajtoj rezultigis barbarajn agojn, kiuj forte ofendis la konsciencon de la homaro, kaj ke la efektiviĝo de tia mondo, en kiu la homoj ĝuos liberecon de parolo kaj de kredo kaj liberiĝon el timo kaj bezono, estas proklamita kiel la plej alta aspiro de ordinaraj homoj,
Pro tio, ke nepre necesas, se la homoj ne estu devigitaj, sen alia elektebla vojo, ribeli kontraŭ tiranismo kaj subpremo, ke la homaj rajtoj estu protektataj de la leĝo,
Pro tio, ke nepre necesas evoluigi amikajn rilatojn inter la nacioj,
Pro tio, ke la popoloj de Unuiĝintaj Nacioj en la Ĉarto reasertis sian firman kredon je la fundamentaj homaj rajtoj, je la digno kaj valoro de la homa personeco kaj je la egalaj rajtoj de viroj kaj virinoj, kaj firme decidis antaŭenigi socian progreson kaj pli altnivelan vivon en pli granda libereco,
Pro tio, ke la Ŝtatoj-Membroj sin devigis atingi, en kunlaboro kun Unuiĝintaj Nacioj, la antaŭenigon de universala respekto al kaj observado de la homaj rajtoj kaj fundamentaj liberecoj,
Pro tio, ke komuna kompreno pri tiuj ĉi rajtoj kaj liberecoj estas esence grava por plena realigo de tiu sindevigo,
Tial, nun,
La Ĝenerala Asembleo,
Proklamas tiun ĉi Universalan Deklaracion de Homaj Rajtoj kiel komunan celon de atingo por ĉiuj popoloj kaj ĉiuj nacioj, por tio, ke ĉiu individuo kaj ĉiu organo de la socio, konstante atentante ĉi tiun Deklaracion, per instruado kaj edukado strebu al respektigo de tiuj ĉi rajtoj kaj liberecoj, kaj per laŭgradaj paŝoj naciaj kaj internaciaj certigu ilian universalan kaj efektivan agnoskon kaj observadon, same tiel inter la popoloj de la Ŝtatoj-Membroj mem, kiel inter la popoloj de teritorioj sub ilia jurisdikcio.

Artikolo 1
Ĉiuj homoj estas denaske liberaj kaj egalaj laŭ digno kaj rajtoj. Ili posedas racion kaj konsciencon, kaj devus konduti unu al alia en spirito de frateco.

Artikolo 2
Ĉiuj rajtoj kaj liberecoj difinitaj en tiu ĉi Deklaracio validas same por ĉiuj homoj, sen kia ajn diferencigo, ĉu laŭ raso, haŭtkoloro, sekso, lingvo, religio, politika aŭ alia opinio, nacia aŭ socia deveno, posedaĵoj, naskiĝo aŭ alia stato. Plie, nenia diferencigo estu farata surbaze de la politika, jurisdikcia aŭ internacia pozicio de la lando aŭ teritorio, al kiu apartenas la koncerna persono, senkonsidere ĉu ĝi estas sendependa, sub kuratoreco, ne-sinreganta aŭ sub kia ajn alia limigo de la suvereneco.

Artikolo 3
Ĉiu havas la rajtojn je vivo, libereco kaj persona sekureco.

Artikolo 4
Neniu estu tenata en sklaveco aŭ servuteco; sklaveco kaj sklavkomerco estu malpermesitaj en ĉiuj siaj formoj.

Artikolo 5
Neniu suferu torturon aŭ kruelan, nehoman aŭ sendignigan traktadon aŭ punon.

Artikolo 6
Ĉiu rajtas esti ĉie agnoskita jure kiel persono.

Artikolo 7
Ĉiuj homoj estas jure egalaj, kaj rajtas sen diskriminacio al egala jura protekto. Ĉiuj rajtas ricevi egalan protekton kontraŭ kia ajn diskriminacio, kiu kontraŭas tiun ĉi Deklaracion, kaj kontraŭ kia ajn instigo al tia diskriminacio.

Artikolo 8
Ĉiu rajtas ricevi de la kompetentaj naciaj tribunaloj efikan riparon pro agoj, kiuj kontraŭas la fundamentajn rajtojn, kiujn li havas laŭ la konstitucio aŭ la leĝoj.

Artikolo 9
Neniu suferu arbitrajn areston, malliberigon aŭ ekzilon.

Artikolo 10
Ĉiu en plena egaleco rajtas je justa kaj publika proceso antaŭ sendependa kaj senpartia tribunalo, por prijuĝo de liaj rajtoj kaj devoj kaj de kiu ajn kriminala akuzo kontraŭ li.

Artikolo 11
Ĉiu akuzita pro punebla faro rajtas, ke oni supozu lin senkulpa, ĝis oni pruvos laŭleĝe lian kulpon en publika proceso, en kiu li ricevis ĉiujn garantiojn necesajn por sia defendo.
Neniu estu konsiderata krimkulpa pro kia ajn ago aŭ neago, kiu ne konsistigis puneblan faron, laŭ nacia aŭ internacia juro, en la tempo, kiam ĝi estis farita. Same tiel, ne estu aljuĝita pli severa puno ol tiu, kiu estis aplikebla en la tempo, kiam la punebla faro estis plenumita.

Artikolo 12
Neniu suferu arbitrajn intervenojn en sian privatecon, familion, hejmon aŭ korespondadon, nek atakojn kontraŭ sia honoro aŭ reputacio. Ĉiu rajtas ricevi juran protekton kontraŭ tiaj intervenoj aŭ atakoj.

Artikolo 13
Ĉiu havas la rajton libere moviĝi kaj loĝi interne de la limoj de kiu ajn ŝtato.
Ĉiu rajtas eliri el kiu ajn lando, inkluzive la propran, kaj reveni en sian landon.

Artikolo 14
Ĉiu rajtas peti kaj ricevi en aliaj landoj azilon kontraŭ persekuto.
Tiu rajto ne estas alvokebla en kazoj de persekutaj akuzoj malfalse levitaj pro ne-politikaj krimoj aŭ pro agoj kontraŭaj al la celoj kaj principoj de Unuiĝintaj Nacioj.

Artikolo 15
Ĉiu rajtas havi ŝtatanecon.
Al neniu estu arbitre forprenita la ŝtataneco, nek rifuzita la rajto ŝanĝi sian ŝtatanecon.

Artikolo 16
Plenaĝaj viroj kaj virinoj, sen ia ajn limigo pro raso, nacieco aŭ religio, rajtas edziĝi kaj fondi familion. Iliaj rajtoj estas egalaj koncerne la geedziĝon, dum la geedzeco kaj koncerne eksedziĝon.
Geedziĝo okazu sole laŭ libera kaj plena konsento de la geedziĝontoj.
La familio estas la natura kaj fundamenta grupunuo de la socio, kaj ĝi rajtas ricevi protekton de la socio kaj de la Ŝtato.

Artikolo 17
Ĉiu rajtas proprieti havaĵon, kaj sola kaj en asociiĝo kun aliaj.
Al neniu estu arbitre forprenita lia proprieto.

Artikolo 18
Ĉiu havas la rajton je libereco de penso, konscienco kaj religio; tiu ĉi rajto inkluzivas la liberecon ŝanĝi sian religion aŭ kredon, kaj liberecon manifesti, ĉu sola ĉu kune kun aliaj, ĉu publike ĉu private, sian religion aŭ kredon per instruado, praktikado, adorado kaj observado.

Artikolo 19
Ĉiu havas la rajton je libereco de opinio kaj esprimado; ĉi tiu rajto inkluzivas la liberecon havi opiniojn sen intervenoj de aliaj, kaj la rajton peti, ricevi kaj havigi informojn kaj ideojn per kiu ajn rimedo kaj senkonsidere pri la landlimoj.

Artikolo 20
Ĉiu havas la rajton je libereco de pacema kunvenado kaj asociiĝo.
Neniu estu devigita aparteni al asocio.

Artikolo 21
Ĉiu homo rajtas partopreni la regadon de sia lando, aŭ rekte aŭ pere de libere elektitaj reprezentantoj.
Ĉiu rajtas je egala aliro al publika servo en sia lando.
La volo de la popolo estu la bazo de la aŭtoritato de la registaro; tiu volo estu esprimata per regulaj kaj aŭtentikaj elektoj, kiuj okazu per universala kaj egala balotrajto, kaj per sekreta voĉdono aŭ ekvivalentaj liberaj voĉdonaj proceduroj.

Artikolo 22
Ĉiu, kiel membro de la socio, havas rajton je socia sekureco kaj povas postuli la realigon, per naciaj klopodoj kaj internacia kunlaboro, kaj konforme al la organizo kaj disponeblaj rimedoj de ĉiu Ŝtato, de tiuj ekonomiaj, sociaj kaj kulturaj rajtoj, kiuj estas nepre necesaj por lia digno kaj por la libera disvolviĝo de lia personeco.

Artikolo 23
Ĉiu havas rajton je laboro, je libera elekto de sia okupo, je justaj kaj favoraj laborkondiĉoj kaj je protekto kontraŭ senlaboreco.
Ĉiu, sen ia ajn diskriminacio, rajtas ricevi egalan salajron pro egala laboro.
Ĉiu, kiu laboras, rajtas ricevi justan kaj favoran kompenson, kiu certigu por li mem kaj por lia familio ekziston konforman al homa digno, kaj kiun suplementu, laŭnecese, aliaj rimedoj de socia protekto.
Ĉiu rajtas formi kaj aliĝi sindikatojn por protekto de siaj interesoj.

Artikolo 24
Ĉiu havas rajton je ripozo kaj libertempo, inkluzive racian limigon de la laborhoroj kaj periodajn feriojn kun salajro.

Artikolo 25
Ĉiu havas rajton je vivnivelo adekvata por la sano kaj bonfarto de si mem kaj de sia familio, inkluzive de nutraĵo, vestaĵoj, loĝejo kaj medicina prizorgo kaj necesaj sociaj servoj, kaj la rajton je sekureco en okazo de senlaboreco, malsano, malkapablo, vidvineco, maljuneco aŭ alia perdo de la vivrimedoj pro cirkonstancoj ekster sia povo.
Patrineco kaj infaneco rajtigas al specialaj prizorgoj kaj helpo. Ĉiuj infanoj, egale ĉu ili naskiĝis en aŭ ekster geedzeco, ricevu saman socian protekton.

Artikolo 26
Ĉiu havas rajton je edukiĝo. La edukado estu senpaga, almenaŭ en la elementa kaj fundamenta stadioj. La elementa edukado estu deviga. La teknika kaj porprofesia edukado estu ĝenerale akirebla, kaj pli alta edukado estu egale akirebla por ĉiuj laŭ ties meritoj.
Edukado celu la plenan disvolvon de la homa personeco kaj plifortigon de la respekto al la homaj rajtoj kaj fundamentaj liberecoj. Ĝi kreskigu komprenon, toleron kaj amikecon inter ĉiuj nacioj, rasaj aŭ religiaj grupoj, kaj antaŭenigu la agadon de Unuiĝintaj Nacioj por konservo de paco.
Gepatroj havas unuavican rajton elekti la specon de la edukado, kiun ricevu iliaj infanoj.

Artikolo 27
Ĉiu rajtas libere partopreni la kulturan vivon de la komunumo, ĝui la artojn kaj partopreni sciencan progreson kaj ĝiajn fruktojn.
Ĉiu havas rajton je protekto de la moralaj kaj materialaj interesoj rezultantaj el eventualaj sciencaj, literaturaj aŭ artaj produktaĵoj, kiujn li aŭtoris.

Artikolo 28
Ĉiu havas rajton je socia kaj internacia organizo, en kiu la rajtoj kaj liberecoj difinitaj en ĉi tiu Deklaracio povas esti plene realigitaj.

Artikolo 29
Ĉiu havas devojn al la komunumo, en kiu, sole, estas ebla la libera kaj plena disvolviĝo de lia personeco.
En la uzado de siaj rajtoj kaj liberecoj, ĉiu estu subigita sole al tiuj limigoj, kiuj estas jure difinitaj ekskluzive kun la celo certigi adekvatan rekonon kaj respekton por la rajtoj kaj liberecoj de aliaj kaj por konformiĝi al justaj postuloj de moralo, publika ordo kaj ĝenerala bonfarto en demokrata socio.
Tiuj ĉi rajtoj kaj liberecoj estas en neniu okazo efektivigeblaj kontraŭe al la celoj kaj principoj de Unuiĝintaj Nacioj.

Artikolo 30
Nenio en ĉi tiu Deklaracio estu interpretita kiel implico, ke iu ajn Ŝtato, grupo aŭ persono iel ajn rajtas entrepreni ian ajn agadon aŭ plenumi ian ajn agon, kiu celus detrui kiun ajn el la rajtoj kaj liberecoj ĉi-ene difinitaj.

---

Universal Declaration of Human Rights

Preamble
Whereas recognition of the inherent dignity and of the equal and inalienable rights of all members of the human family is the foundation of freedom, justice and peace in the world,
Whereas disregard and contempt for human rights have resulted in barbarous acts which have outraged the conscience of mankind, and the advent of a world in which human beings shall enjoy freedom of speech and belief and freedom from fear and want has been proclaimed as the highest aspiration of the common people,
Whereas it is essential, if man is not to be compelled to have recourse, as a last resort, to rebellion against tyranny and oppression, that human rights should be protected by the rule of law,
Whereas it is essential to promote the development of friendly relations between nations,
Whereas the peoples of the United Nations have in the Charter reaffirmed their faith in fundamental human rights, in the dignity and worth of the human person and in the equal rights of men and women and have determined to promote social progress and better standards of life in larger freedom,
Whereas Member States have pledged themselves to achieve, in cooperation with the United Nations, the promotion of universal respect for and observance of human rights and fundamental freedoms,
Whereas a common understanding of these rights and freedoms is of the greatest importance for the full realization of this pledge,
Now, therefore,
The General Assembly,
Proclaims this Universal Declaration of Human Rights as a common standard of achievement for all peoples and all nations, to the end that every individual and every organ of society, keeping this Declaration constantly in mind, shall strive by teaching and education to promote respect for these rights and freedoms and by progressive measures, national and international, to secure their universal and effective recognition and observance, both among the peoples of Member States themselves and among the peoples of territories under their jurisdiction.

Article 1
All human beings are born free and equal in dignity and rights. They are endowed with reason and conscience and should act towards one another in a spirit of brotherhood.

Article 2
Everyone is entitled to all the rights and freedoms set forth in this Declaration, without distinction of any kind, such as race, colour, sex, language, religion, political or other opinion, national or social origin, property, birth or other status.
Furthermore, no distinction shall be made on the basis of the political, jurisdictional or international status of the country or territory to which a person belongs, whether it be independent, trust, non-self-governing or under any other limitation of sovereignty.

Article 3
Everyone has the right to life, liberty and the security of person.

Article 4
No one shall be held in slavery or servitude; slavery and the slave trade shall be prohibited in all their forms.

Article 5
No one shall be subjected to torture or to cruel, inhuman or degrading treatment or punishment.

Article 6
Everyone has the right to recognition everywhere as a person before the law.

Article 7
All are equal before the law and are entitled without any discrimination to equal protection of the law. All are entitled to equal protection against any discrimination in violation of this Declaration and against any incitement to such discrimination.

Article 8
Everyone has the right to an effective remedy by the competent national tribunals for acts violating the fundamental rights granted him by the constitution or by law.

Article 9
No one shall be subjected to arbitrary arrest, detention or exile.

Article 10
Everyone is entitled in full equality to a fair and public hearing by an independent and impartial tribunal, in the determination of his rights and obligations and of any criminal charge against him.

Article 11
Everyone charged with a penal offence has the right to be presumed innocent until proved guilty according to law in a public trial at which he has had all the guarantees necessary for his defence.
No one shall be held guilty of any penal offence on account of any act or omission which did not constitute a penal offence, under national or international law, at the time when it was committed. Nor shall a heavier penalty be imposed than the one that was applicable at the time the penal offence was committed.

Article 12
No one shall be subjected to arbitrary interference with his privacy, family, home or correspondence, nor to attacks upon his honour and reputation. Everyone has the right to the protection of the law against such interference or attacks.

Article 13
Everyone has the right to freedom of movement and residence within the borders of each State.
Everyone has the right to leave any country, including his own, and to return to his country.

Article 14
Everyone has the right to seek and to enjoy in other countries asylum from persecution.
This right may not be invoked in the case of prosecutions genuinely arising from non-political crimes or from acts contrary to the purposes and principles of the United Nations.

Article 15
Everyone has the right to a nationality.
No one shall be arbitrarily deprived of his nationality nor denied the right to change his nationality.

Article 16
Men and women of full age, without any limitation due to race, nationality or religion, have the right to marry and to found a family. They are entitled to equal rights as to marriage, during marriage and at its dissolution.
Marriage shall be entered into only with the free and full consent of the intending spouses.
The family is the natural and fundamental group unit of society and is entitled to protection by society and the State.

Article 17
Everyone has the right to own property alone as well as in association with others.
No one shall be arbitrarily deprived of his property.

Article 18
Everyone has the right to freedom of thought, conscience and religion; this right includes freedom to change his religion or belief, and freedom, either alone or in community with others and in public or private, to manifest his religion or belief in teaching, practice, worship and observance.

Article 19
Everyone has the right to freedom of opinion and expression; this right includes freedom to hold opinions without interference and to seek, receive and impart information and ideas through any media and regardless of frontiers.

Article 20
Everyone has the right to freedom of peaceful assembly and association.
No one may be compelled to belong to an association.

Article 21
Everyone has the right to take part in the government of his country, directly or through freely chosen representatives.
Everyone has the right to equal access to public service in his country.
The will of the people shall be the basis of the authority of government; this will shall be expressed in periodic and genuine elections which shall be by universal and equal suffrage and shall be held by secret vote or by equivalent free voting procedures.

Article 22
Everyone, as a member of society, has the right to social security and is entitled to realization, through national effort and international co-operation and in accordance with the organization and resources of each State, of the economic, social and cultural rights indispensable for his dignity and the free development of his personality.

Article 23
Everyone has the right to work, to free choice of employment, to just and favourable conditions of work and to protection against unemployment.
Everyone, without any discrimination, has the right to equal pay for equal work.
Everyone who works has the right to just and favourable remuneration ensuring for himself and his family an existence worthy of human dignity, and supplemented, if necessary, by other means of social protection.
Everyone has the right to form and to join trade unions for the protection of his interests.

Article 24
Everyone has the right to rest and leisure, including reasonable limitation of working hours and periodic holidays with pay.

Article 25
Everyone has the right to a standard of living adequate for the health and well-being of himself and of his family, including food, clothing, housing and medical care and necessary social services, and the right to security in the event of unemployment, sickness, disability, widowhood, old age or other lack of livelihood in circumstances beyond his control.
Motherhood and childhood are entitled to special care and assistance. All children, whether born in or out of wedlock, shall enjoy the same social protection.

Article 26
Everyone has the right to education. Education shall be free, at least in the elementary and fundamental stages. Elementary education shall be compulsory. Technical and professional education shall be made generally available and higher education shall be equally accessible to all on the basis of merit.
Education shall be directed to the full development of the human personality and to the strengthening of respect for human rights and fundamental freedoms. It shall promote understanding, tolerance and friendship among all nations, racial or religious groups, and shall further the activities of the United Nations for the maintenance of peace.
Parents have a prior right to choose the kind of education that shall be given to their children.

Article 27
Everyone has the right freely to participate in the cultural life of the community, to enjoy the arts and to share in scientific advancement and its benefits.
Everyone has the right to the protection of the moral and material interests resulting from any scientific, literary or artistic production of which he is the author.

Article 28
Everyone is entitled to a social and international order in which the rights and freedoms set forth in this Declaration can be fully realized.

Article 29
Everyone has duties to the community in which alone the free and full development of his personality is possible.
In the exercise of his rights and freedoms, everyone shall be subject only to such limitations as are determined by law solely for the purpose of securing due recognition and respect for the rights and freedoms of others and of meeting the just requirements of morality, public order and the general welfare in a democratic society.
These rights and freedoms may in no case be exercised contrary to the purposes and principles of the United Nations.

Article 30
Nothing in this Declaration may be interpreted as implying for any State, group or person any right to engage in any activity or to perform any act aimed at the destruction of any of the rights and freedoms set forth herein.

---

Déclaration universelle des droits de l'homme

Préambule
Considérant que la reconnaissance de la dignité inhérente à tous les membres de la famille humaine et de leurs droits égaux et inaliénables constitue le fondement de la liberté, de la justice et de la paix dans le monde,
Considérant que la méconnaissance et le mépris des droits de l'homme ont conduit à des actes de barbarie qui révoltent la conscience de l'humanité et que l'avènement d'un monde où les êtres humains seront libres de parler et de croire, libérés de la terreur et de la misère, a été proclamé comme la plus haute aspiration de l'homme,
Considérant qu'il est essentiel que les droits de l'homme soient protégés par un régime de droit pour que l'homme ne soit pas contraint, en suprême recours, à la révolte contre la tyrannie et l'oppression, Considérant qu'il est essentiel d'encourager le développement de relations amicales entre nations,
Considérant que dans la Charte les peuples des Nations Unies ont proclamé à nouveau leur foi dans les droits fondamentaux de l'homme, dans la dignité et la valeur de la personne humaine, dans l'égalité des droits des hommes et des femmes, et qu'ils se sont déclarés résolus à favoriser le progrès social et à instaurer de meilleures conditions de vie dans une liberté plus grande,
Considérant que les Etats Membres se sont engagés à assurer, en coopération avec l'Organisation des Nations Unies, le respect universel et effectif des droits de l'homme et des libertés fondamentales,
Considérant qu'une conception commune de ces droits et libertés est de la plus haute importance pour remplir pleinement cet engagement,
L'Assemblée générale
Proclame la présente Déclaration universelle des droits de l'homme comme l'idéal commun à atteindre par tous les peuples et toutes les nations afin que tous les individus et tous les organes de la société, ayant cette Déclaration constamment à l'esprit, s'efforcent, par l'enseignement et l'éducation, de développer le respect de ces droits et libertés et d'en assurer, par des mesures progressives d'ordre national et international, la reconnaissance et l'application universelles et effectives, tant parmi les populations des Etats Membres eux-mêmes que parmi celles des territoires placés sous leur juridiction.

Article premier
Tous les êtres humains naissent libres et égaux en dignité et en droits. Ils sont doués de raison et de conscience et doivent agir les uns envers les autres dans un esprit de fraternité.

Article 2
Chacun peut se prévaloir de tous les droits et de toutes les libertés proclamés dans la présente Déclaration, sans distinction aucune, notamment de race, de couleur, de sexe, de langue, de religion, d'opinion politique ou de toute autre opinion, d'origine nationale ou sociale, de fortune, de naissance ou de toute autre situation. De plus, il ne sera fait aucune distinction fondée sur le statut politique, juridique ou international du pays ou du territoire dont une personne est ressortissante, que ce pays ou territoire soit indépendant, sous tutelle, non autonome ou soumis à une limitation quelconque de souveraineté.

Article 3
Tout individu a droit à la vie, à la liberté et à la sûreté de sa personne.

Article 4
Nul ne sera tenu en esclavage ni en servitude; l'esclavage et la traite des esclaves sont interdits sous toutes leurs formes.

Article 5
Nul ne sera soumis à la torture, ni à des peines ou traitements cruels, inhumains ou dégradants.

Article 6
Chacun a le droit à la reconnaissance en tous lieux de sa personnalité juridique.

Article 7
Tous sont égaux devant la loi et ont droit sans distinction à une égale protection de la loi. Tous ont droit à une protection égale contre toute discrimination qui violerait la présente Déclaration et contre toute provocation à une telle discrimination.

Article 8
Toute personne a droit à un recours effectif devant les juridictions nationales compétentes contre les actes violant les droits fondamentaux qui lui sont reconnus par la constitution ou par la loi.

Article 9
Nul ne peut être arbitrairement arrêté, détenu ni exilé.

Article 10
Toute personne a droit, en pleine égalité, à ce que sa cause soit entendue équitablement et publiquement par un tribunal indépendant et impartial, qui décidera, soit de ses droits et obligations, soit du bien-fondé de toute accusation en matière pénale dirigée contre elle.

Article 11
1. Toute personne accusée d'un acte délictueux est présumée innocente jusqu'à ce que sa culpabilité ait été légalement établie au cours d'un procès public où toutes les garanties nécessaires à sa défense lui auront été assurées.
2. Nul ne sera condamné pour des actions ou omissions qui, au moment où elles ont été commises, ne constituaient pas un acte délictueux d'après le droit national ou international. De même, il ne sera infligé aucune peine plus forte que celle qui était applicable au moment où l'acte délictueux a été commis.

Article 12 Nul ne sera l'objet d'immixtions arbitraires dans sa vie privée, sa famille, son domicile ou sa correspondance, ni d'atteintes à son honneur et à sa réputation. Toute personne a droit à la protection de la loi contre de telles immixtions ou de telles atteintes.

Article 13
1. Toute personne a le droit de circuler librement et de choisir sa résidence à l'intérieur d'un Etat.
2. Toute personne a le droit de quitter tout pays, y compris le sien, et de revenir dans son pays.

Article 14
1. Devant la persécution, toute personne a le droit de chercher asile et de bénéficier de l'asile en d'autres pays.
2. Ce droit ne peut être invoqué dans le cas de poursuites réellement fondées sur un crime de droit commun ou sur des agissements contraires aux buts et aux principes des Nations Unies.

Article 15
1. Tout individu a droit à une nationalité.
2. Nul ne peut être arbitrairement privé de sa nationalité, ni du droit de changer de nationalité.

Article 16
1. A partir de l'âge nubile, l'homme et la femme, sans aucune restriction quant à la race, la nationalité ou la religion, ont le droit de se marier et de fonder une famille. Ils ont des droits égaux au regard du mariage, durant le mariage et lors de sa dissolution.
2. Le mariage ne peut être conclu qu'avec le libre et plein consentement des futurs époux.
3. La famille est l'élément naturel et fondamental de la société et a droit à la protection de la société et de l'Etat.

Article 17
1. Toute personne, aussi bien seule qu'en collectivité, a droit à la propriété.
2. Nul ne peut être arbitrairement privé de sa propriété

Article 18
Toute personne a droit à la liberté de pensée, de conscience et de religion; ce droit implique la liberté de changer de religion ou de conviction ainsi que la liberté de manifester sa religion ou sa conviction, seule ou en commun, tant en public qu'en privé, par l'enseignement, les pratiques, le culte et l'accomplissement des rites.

Article 19
Tout individu a droit à la liberté d'opinion et d'expression, ce qui implique le droit de ne pas être inquiété pour ses opinions et celui de chercher, de recevoir et de répandre, sans considérations de frontières, les informations et les idées par quelque moyen d'expression que ce soit.

Article 20
1. Toute personne a droit à la liberté de réunion et d'association pacifiques.
2. Nul ne peut être obligé de faire partie d'une association.

Article 21
1. Toute personne a le droit de prendre part à la direction des affaires publiques de son pays, soit directement, soit par l'intermédiaire de représentants librement choisis.
2. Toute personne a droit à accéder, dans des conditions d'égalité, aux fonctions publiques de son pays.
3. La volonté du peuple est le fondement de l'autorité des pouvoirs publics; cette volonté doit s'exprimer par des élections honnêtes qui doivent avoir lieu périodiquement, au suffrage universel égal et au vote secret ou suivant une procédure équivalente assurant la liberté du vote.

Article 22
Toute personne, en tant que membre de la société, a droit à la sécurité sociale; elle est fondée à obtenir la satisfaction des droits économiques, sociaux et culturels indispensables à sa dignité et au libre développement de sa personnalité, grâce à l'effort national et à la coopération internationale, compte tenu de l'organisation et des ressources de chaque pays.

Article 23
1. Toute personne a droit au travail, au libre choix de son travail, à des conditions équitables et satisfaisantes de travail et à la protection contre le chômage.
2. Tous ont droit, sans aucune discrimination, à un salaire égal pour un travail égal
3. Quiconque travaille a droit à une rémunération équitable et satisfaisante lui assurant ainsi qu'à sa famille une existence conforme à la dignité humaine et complétée, s'il y a lieu, par tous autres moyens de protection sociale.
4. Toute personne a le droit de fonder avec d'autres des syndicats et de s'affilier à des syndicats pour la défense de ses intérêts.

Article 24
Toute personne a droit au repos et aux loisirs et notamment à une limitation raisonnable de la durée du travail et à des congés payés périodiques.

Article 25
1. Toute personne a droit à un niveau de vie suffisant pour assurer sa santé, son bien-être et ceux de sa famille, notamment pour l'alimentation, l'habillement, le logement, les soins médicaux ainsi que pour les services sociaux nécessaires; elle a droit à la sécurité en cas de chômage, de maladie, d'invalidité, de veuvage, de vieillesse ou dans les autres cas de perte de ses moyens de subsistance par suite de circonstances indépendantes de sa volonté.
2. La maternité et l'enfance ont droit à une aide et à une assistance spéciales. Tous les enfants, qu'ils soient nés dans le mariage ou hors mariage, jouissent de la même protection sociale.

Article 26
1. Toute personne a droit à l'éducation. L'éducation doit être gratuite, au moins en ce qui concerne l'enseignement élémentaire et fondamental. L'enseignement élémentaire est obligatoire. L'enseignement technique et professionnel doit être généralisé; l'accès aux études supérieures doit être ouvert en pleine égalité à tous en fonction de leur mérite.
2. L'éducation doit viser au plein épanouissement de la personnalité humaine et au renforcement du respect des droits de l'homme et des libertés fondamentales. Elle doit favoriser la compréhension, la tolérance et l'amitié entre toutes les nations et tous les groupes raciaux ou religieux, ainsi que le développement des activités des Nations Unies pour le maintien de la paix.
3. Les parents ont, par priorité, le droit de choisir le genre d'éducation à donner à leurs enfants.

Article 27
1. Toute personne a le droit de prendre part librement à la vie culturelle de la communauté, de jouir des arts et de participer au progrès scientifique et aux bienfaits qui en résultent
2. Chacun a droit à la protection des intérêts moraux et matériels découlant de toute production scientifique, littéraire ou artistique dont il est l'auteur.

Article 28
Toute personne a droit à ce que règne, sur le plan social et sur le plan international, un ordre tel que les droits et libertés énoncés dans la présente Déclaration puissent y trouver plein effet.

Article 29
1. L'individu a des devoirs envers la communauté dans laquelle seule le libre et plein développement de sa personnalité est possible.
2. Dans l'exercice de ses droits et dans la jouissance de ses libertés, chacun n'est soumis qu'aux limitations établies par la loi exclusivement en vue d'assurer la reconnaissance et le respect des droits et libertés d'autrui et afin de satisfaire aux justes exigences de la morale, de l'ordre public et du bien-être général dans une société démocratique.
3. Ces droits et libertés ne pourront, en aucun cas, s'exercer contrairement aux buts et aux principes des Nations Unies.

Article 30
Aucune disposition de la présente Déclaration ne peut être interprétée comme impliquant, pour un Etat, un groupement ou un individu, un droit quelconque de se livrer à une activité ou d'accomplir un acte visant à la destruction des droits et libertés qui y sont énoncés.
